<?xml version="1.0" encoding="UTF-8"?>
<!-- Generated by org.testng.reporters.JUnitReportReporter -->
<testsuite skipped="0" hostname="VELAMALA" name="TestMaven_Chan.TestProjectTeam" tests="1" failures="0" timestamp="2020-10-12T19:43:02 EDT" time="0.014" errors="0">
  <testcase name="TestProjectTeam" time="0.014" classname="TestMaven_Chan.TestProjectTeam"/>
  <system-out/>
</testsuite> <!-- TestMaven_Chan.TestProjectTeam -->
